
SQL*Loader: Release 11.2.0.2.0 - Production on Sun May 7 20:06:38 2023

Copyright (c) 1982, 2009, Oracle and/or its affiliates.  All rights reserved.

Control File:   create/load/patients.ctl
Data File:      data/patients.csv
  Bad File:     create/load/patients.bad
  Discard File:  none specified
 
 (Allow all discards)

Number to load: ALL
Number to skip: 0
Errors allowed: 50
Bind array:     64 rows, maximum of 256000 bytes
Continuation:    none specified
Path used:      Conventional

Table PATIENTS, loaded from every logical record.
Insert option in effect for this table: INSERT

   Column Name                  Position   Len  Term Encl Datatype
------------------------------ ---------- ----- ---- ---- ---------------------
PATIENT_ID                          FIRST     *   ,       CHARACTER            
FIRST_NAME                           NEXT     *   ,       CHARACTER            
LAST_NAME                            NEXT     *   ,       CHARACTER            
DOB                                  NEXT     *   ,       DATE YYYY-MM-DD      
GENDER                               NEXT     *   ,       CHARACTER            
RACE                                 NEXT     *   ,       CHARACTER            
PREF_LANGUAGE                        NEXT     *   ,       CHARACTER            
PHONE                                NEXT     *   ,       CHARACTER            
STREET1                              NEXT     *   ,       CHARACTER            
STREET2                              NEXT     *   ,       CHARACTER            
CITY                                 NEXT     *   ,       CHARACTER            
STATE                                NEXT     *   ,       CHARACTER            
ZIP                                  NEXT     *   ,       CHARACTER            


Table PATIENTS:
  10 Rows successfully loaded.
  0 Rows not loaded due to data errors.
  0 Rows not loaded because all WHEN clauses were failed.
  0 Rows not loaded because all fields were null.


Space allocated for bind array:                 214656 bytes(64 rows)
Read   buffer bytes: 1048576

Total logical records skipped:          0
Total logical records read:            10
Total logical records rejected:         0
Total logical records discarded:        0

Run began on Sun May 07 20:06:38 2023
Run ended on Sun May 07 20:06:38 2023

Elapsed time was:     00:00:00.04
CPU time was:         00:00:00.01
