
SQL*Loader: Release 11.2.0.2.0 - Production on Wed May 3 22:08:10 2023

Copyright (c) 1982, 2009, Oracle and/or its affiliates.  All rights reserved.

Control File:   create/load/treatments.ctl
Data File:      data/treatments.csv
  Bad File:     create/load/treatments.bad
  Discard File:  none specified
 
 (Allow all discards)

Number to load: ALL
Number to skip: 0
Errors allowed: 50
Bind array:     64 rows, maximum of 256000 bytes
Continuation:    none specified
Path used:      Conventional

Table TREATMENTS, loaded from every logical record.
Insert option in effect for this table: INSERT

   Column Name                  Position   Len  Term Encl Datatype
------------------------------ ---------- ----- ---- ---- ---------------------
TREATMENT_ID                        FIRST     *   ,       CHARACTER            
PATIENT_ID                           NEXT     *   ,       CHARACTER            
VISIT_ID                             NEXT     *   ,       CHARACTER            
TREATMENT_TYPE                       NEXT     *   ,       CHARACTER            
KEYWORD_DESC                         NEXT     *   ,       CHARACTER            
DURATION                             NEXT     *   ,       CHARACTER            
SUCCESS                              NEXT     *   ,       CHARACTER            


Table TREATMENTS:
  9 Rows successfully loaded.
  0 Rows not loaded due to data errors.
  0 Rows not loaded because all WHEN clauses were failed.
  0 Rows not loaded because all fields were null.


Space allocated for bind array:                 115584 bytes(64 rows)
Read   buffer bytes: 1048576

Total logical records skipped:          0
Total logical records read:             9
Total logical records rejected:         0
Total logical records discarded:        0

Run began on Wed May 03 22:08:10 2023
Run ended on Wed May 03 22:08:10 2023

Elapsed time was:     00:00:00.03
CPU time was:         00:00:00.01
